running develop
running egg_info
creating robot_perception.egg-info
writing robot_perception.egg-info/PKG-INFO
writing dependency_links to robot_perception.egg-info/dependency_links.txt
writing entry points to robot_perception.egg-info/entry_points.txt
writing requirements to robot_perception.egg-info/requires.txt
writing top-level names to robot_perception.egg-info/top_level.txt
writing manifest file 'robot_perception.egg-info/SOURCES.txt'
reading manifest file 'robot_perception.egg-info/SOURCES.txt'
writing manifest file 'robot_perception.egg-info/SOURCES.txt'
running build_ext
Creating /home/cmpe/functioning-bot/cooperative_perception_ros2/coop_perception_ws/install/robot_perception/lib/python3.12/site-packages/robot-perception.egg-link (link to .)
Installing dummy_detector script to /home/cmpe/functioning-bot/cooperative_perception_ros2/coop_perception_ws/install/robot_perception/lib/robot_perception
Installing yolo2d_detector script to /home/cmpe/functioning-bot/cooperative_perception_ros2/coop_perception_ws/install/robot_perception/lib/robot_perception

Installed /home/cmpe/functioning-bot/cooperative_perception_ros2/coop_perception_ws/build/robot_perception
running symlink_data
creating /home/cmpe/functioning-bot/cooperative_perception_ros2/coop_perception_ws/install/robot_perception/share/ament_index
creating /home/cmpe/functioning-bot/cooperative_perception_ros2/coop_perception_ws/install/robot_perception/share/ament_index/resource_index
creating /home/cmpe/functioning-bot/cooperative_perception_ros2/coop_perception_ws/install/robot_perception/share/ament_index/resource_index/packages
symbolically linking /home/cmpe/functioning-bot/cooperative_perception_ros2/coop_perception_ws/build/robot_perception/resource/robot_perception -> /home/cmpe/functioning-bot/cooperative_perception_ros2/coop_perception_ws/install/robot_perception/share/ament_index/resource_index/packages
symbolically linking /home/cmpe/functioning-bot/cooperative_perception_ros2/coop_perception_ws/build/robot_perception/package.xml -> /home/cmpe/functioning-bot/cooperative_perception_ros2/coop_perception_ws/install/robot_perception/share/robot_perception
