[0.414s] Invoking command in '/home/cmpe/functioning-bot/cooperative_perception_ros2/coop_perception_ws/build/robot_perception': DEBUGINFOD_URLS=https://debuginfod.ubuntu.com PS1=(functioning_bot) \[\e]0;\u@\h: \w\a\]${debian_chroot:+($debian_chroot)}\[\033[01;32m\]\u@\h\[\033[00m\]:\[\033[01;34m\]\w\[\033[00m\]\$ PYTHONPATH=/home/cmpe/functioning-bot/cooperative_perception_ros2/coop_perception_ws/build/robot_perception/prefix_override:/usr/lib/python3/dist-packages/colcon_core/task/python/colcon_distutils_commands:/home/cmpe/functioning-bot/cooperative_perception_ros2/coop_perception_ws/install/robot_perception/lib/python3.12/site-packages:${PYTHONPATH} VIRTUAL_ENV_PROMPT=(functioning_bot) /usr/bin/python3 -W ignore:setup.py install is deprecated -W ignore:easy_install command is deprecated setup.py develop --editable --build-directory /home/cmpe/functioning-bot/cooperative_perception_ros2/coop_perception_ws/build/robot_perception/build --no-deps symlink_data
[0.583s] running develop
[0.680s] running egg_info
[0.680s] creating robot_perception.egg-info
[0.688s] writing robot_perception.egg-info/PKG-INFO
[0.688s] writing dependency_links to robot_perception.egg-info/dependency_links.txt
[0.688s] writing entry points to robot_perception.egg-info/entry_points.txt
[0.689s] writing requirements to robot_perception.egg-info/requires.txt
[0.689s] writing top-level names to robot_perception.egg-info/top_level.txt
[0.689s] writing manifest file 'robot_perception.egg-info/SOURCES.txt'
[0.706s] reading manifest file 'robot_perception.egg-info/SOURCES.txt'
[0.706s] writing manifest file 'robot_perception.egg-info/SOURCES.txt'
[0.715s] running build_ext
[0.715s] Creating /home/cmpe/functioning-bot/cooperative_perception_ros2/coop_perception_ws/install/robot_perception/lib/python3.12/site-packages/robot-perception.egg-link (link to .)
[0.716s] Installing dummy_detector script to /home/cmpe/functioning-bot/cooperative_perception_ros2/coop_perception_ws/install/robot_perception/lib/robot_perception
[0.716s] Installing yolo2d_detector script to /home/cmpe/functioning-bot/cooperative_perception_ros2/coop_perception_ws/install/robot_perception/lib/robot_perception
[0.716s] 
[0.716s] Installed /home/cmpe/functioning-bot/cooperative_perception_ros2/coop_perception_ws/build/robot_perception
[0.716s] running symlink_data
[0.716s] creating /home/cmpe/functioning-bot/cooperative_perception_ros2/coop_perception_ws/install/robot_perception/share/ament_index
[0.716s] creating /home/cmpe/functioning-bot/cooperative_perception_ros2/coop_perception_ws/install/robot_perception/share/ament_index/resource_index
[0.716s] creating /home/cmpe/functioning-bot/cooperative_perception_ros2/coop_perception_ws/install/robot_perception/share/ament_index/resource_index/packages
[0.716s] symbolically linking /home/cmpe/functioning-bot/cooperative_perception_ros2/coop_perception_ws/build/robot_perception/resource/robot_perception -> /home/cmpe/functioning-bot/cooperative_perception_ros2/coop_perception_ws/install/robot_perception/share/ament_index/resource_index/packages
[0.716s] symbolically linking /home/cmpe/functioning-bot/cooperative_perception_ros2/coop_perception_ws/build/robot_perception/package.xml -> /home/cmpe/functioning-bot/cooperative_perception_ros2/coop_perception_ws/install/robot_perception/share/robot_perception
[0.737s] Invoked command in '/home/cmpe/functioning-bot/cooperative_perception_ros2/coop_perception_ws/build/robot_perception' returned '0': DEBUGINFOD_URLS=https://debuginfod.ubuntu.com PS1=(functioning_bot) \[\e]0;\u@\h: \w\a\]${debian_chroot:+($debian_chroot)}\[\033[01;32m\]\u@\h\[\033[00m\]:\[\033[01;34m\]\w\[\033[00m\]\$ PYTHONPATH=/home/cmpe/functioning-bot/cooperative_perception_ros2/coop_perception_ws/build/robot_perception/prefix_override:/usr/lib/python3/dist-packages/colcon_core/task/python/colcon_distutils_commands:/home/cmpe/functioning-bot/cooperative_perception_ros2/coop_perception_ws/install/robot_perception/lib/python3.12/site-packages:${PYTHONPATH} VIRTUAL_ENV_PROMPT=(functioning_bot) /usr/bin/python3 -W ignore:setup.py install is deprecated -W ignore:easy_install command is deprecated setup.py develop --editable --build-directory /home/cmpe/functioning-bot/cooperative_perception_ros2/coop_perception_ws/build/robot_perception/build --no-deps symlink_data
