[0.443s] Invoking command in '/home/cmpe/functioning-bot/cooperative_perception_ros2/coop_perception_ws/build/robot_perception': DEBUGINFOD_URLS=https://debuginfod.ubuntu.com PS1=(functioning_bot) \[\e]0;\u@\h: \w\a\]${debian_chroot:+($debian_chroot)}\[\033[01;32m\]\u@\h\[\033[00m\]:\[\033[01;34m\]\w\[\033[00m\]\$ PYTHONPATH=/home/cmpe/functioning-bot/cooperative_perception_ros2/coop_perception_ws/build/robot_perception/prefix_override:/usr/lib/python3/dist-packages/colcon_core/task/python/colcon_distutils_commands:/home/cmpe/functioning-bot/cooperative_perception_ros2/coop_perception_ws/install/robot_perception/lib/python3.12/site-packages:${PYTHONPATH} VIRTUAL_ENV_PROMPT=(functioning_bot) /usr/bin/python3 -W ignore:setup.py install is deprecated -W ignore:easy_install command is deprecated setup.py develop --editable --build-directory /home/cmpe/functioning-bot/cooperative_perception_ros2/coop_perception_ws/build/robot_perception/build --no-deps symlink_data
[0.615s] running develop
[0.712s] running egg_info
[0.720s] writing robot_perception.egg-info/PKG-INFO
[0.720s] writing dependency_links to robot_perception.egg-info/dependency_links.txt
[0.721s] writing entry points to robot_perception.egg-info/entry_points.txt
[0.721s] writing requirements to robot_perception.egg-info/requires.txt
[0.721s] writing top-level names to robot_perception.egg-info/top_level.txt
[0.739s] reading manifest file 'robot_perception.egg-info/SOURCES.txt'
[0.739s] writing manifest file 'robot_perception.egg-info/SOURCES.txt'
[0.749s] running build_ext
[0.749s] Creating /home/cmpe/functioning-bot/cooperative_perception_ros2/coop_perception_ws/install/robot_perception/lib/python3.12/site-packages/robot-perception.egg-link (link to .)
[0.750s] Installing awareness_bridge script to /home/cmpe/functioning-bot/cooperative_perception_ros2/coop_perception_ws/install/robot_perception/lib/robot_perception
[0.750s] Installing dummy_detector script to /home/cmpe/functioning-bot/cooperative_perception_ros2/coop_perception_ws/install/robot_perception/lib/robot_perception
[0.750s] Installing fuse_concat script to /home/cmpe/functioning-bot/cooperative_perception_ros2/coop_perception_ws/install/robot_perception/lib/robot_perception
[0.750s] Installing fuse_distance script to /home/cmpe/functioning-bot/cooperative_perception_ros2/coop_perception_ws/install/robot_perception/lib/robot_perception
[0.750s] Installing fuse_merge_robust script to /home/cmpe/functioning-bot/cooperative_perception_ros2/coop_perception_ws/install/robot_perception/lib/robot_perception
[0.750s] Installing lift_2d_to_3d script to /home/cmpe/functioning-bot/cooperative_perception_ros2/coop_perception_ws/install/robot_perception/lib/robot_perception
[0.750s] Installing lift_2d_to_3d_latest script to /home/cmpe/functioning-bot/cooperative_perception_ros2/coop_perception_ws/install/robot_perception/lib/robot_perception
[0.750s] Installing lift_2d_to_3d_sync script to /home/cmpe/functioning-bot/cooperative_perception_ros2/coop_perception_ws/install/robot_perception/lib/robot_perception
[0.750s] Installing to_map_republisher script to /home/cmpe/functioning-bot/cooperative_perception_ros2/coop_perception_ws/install/robot_perception/lib/robot_perception
[0.750s] Installing yolo2d_detector script to /home/cmpe/functioning-bot/cooperative_perception_ros2/coop_perception_ws/install/robot_perception/lib/robot_perception
[0.751s] Installing yolo_lift_3d_sync_backup script to /home/cmpe/functioning-bot/cooperative_perception_ros2/coop_perception_ws/install/robot_perception/lib/robot_perception
[0.751s] 
[0.751s] Installed /home/cmpe/functioning-bot/cooperative_perception_ros2/coop_perception_ws/build/robot_perception
[0.751s] running symlink_data
[0.774s] Invoked command in '/home/cmpe/functioning-bot/cooperative_perception_ros2/coop_perception_ws/build/robot_perception' returned '0': DEBUGINFOD_URLS=https://debuginfod.ubuntu.com PS1=(functioning_bot) \[\e]0;\u@\h: \w\a\]${debian_chroot:+($debian_chroot)}\[\033[01;32m\]\u@\h\[\033[00m\]:\[\033[01;34m\]\w\[\033[00m\]\$ PYTHONPATH=/home/cmpe/functioning-bot/cooperative_perception_ros2/coop_perception_ws/build/robot_perception/prefix_override:/usr/lib/python3/dist-packages/colcon_core/task/python/colcon_distutils_commands:/home/cmpe/functioning-bot/cooperative_perception_ros2/coop_perception_ws/install/robot_perception/lib/python3.12/site-packages:${PYTHONPATH} VIRTUAL_ENV_PROMPT=(functioning_bot) /usr/bin/python3 -W ignore:setup.py install is deprecated -W ignore:easy_install command is deprecated setup.py develop --editable --build-directory /home/cmpe/functioning-bot/cooperative_perception_ros2/coop_perception_ws/build/robot_perception/build --no-deps symlink_data
