[0.455s] Invoking command in '/home/cmpe/functioning-bot/cooperative_perception_ros2/coop_perception_ws/build/robot_perception': CONDA_PROMPT_MODIFIER=(base) DEBUGINFOD_URLS=https://debuginfod.ubuntu.com PYTHONPATH=/home/cmpe/functioning-bot/cooperative_perception_ros2/coop_perception_ws/build/robot_perception/prefix_override:/usr/lib/python3/dist-packages/colcon_core/task/python/colcon_distutils_commands:/home/cmpe/functioning-bot/cooperative_perception_ros2/coop_perception_ws/install/robot_perception/lib/python3.12/site-packages:${PYTHONPATH} /usr/bin/python3 -W ignore:setup.py install is deprecated -W ignore:easy_install command is deprecated setup.py develop --editable --build-directory /home/cmpe/functioning-bot/cooperative_perception_ros2/coop_perception_ws/build/robot_perception/build --no-deps symlink_data
[0.634s] running develop
[0.733s] running egg_info
[0.744s] writing robot_perception.egg-info/PKG-INFO
[0.744s] writing dependency_links to robot_perception.egg-info/dependency_links.txt
[0.744s] writing entry points to robot_perception.egg-info/entry_points.txt
[0.744s] writing requirements to robot_perception.egg-info/requires.txt
[0.744s] writing top-level names to robot_perception.egg-info/top_level.txt
[0.764s] reading manifest file 'robot_perception.egg-info/SOURCES.txt'
[0.765s] writing manifest file 'robot_perception.egg-info/SOURCES.txt'
[0.776s] running build_ext
[0.776s] Creating /home/cmpe/functioning-bot/cooperative_perception_ros2/coop_perception_ws/install/robot_perception/lib/python3.12/site-packages/robot-perception.egg-link (link to .)
[0.776s] Installing awareness_bridge script to /home/cmpe/functioning-bot/cooperative_perception_ros2/coop_perception_ws/install/robot_perception/lib/robot_perception
[0.776s] Installing dummy_detector script to /home/cmpe/functioning-bot/cooperative_perception_ros2/coop_perception_ws/install/robot_perception/lib/robot_perception
[0.777s] Installing fuse_concat script to /home/cmpe/functioning-bot/cooperative_perception_ros2/coop_perception_ws/install/robot_perception/lib/robot_perception
[0.777s] Installing fuse_distance script to /home/cmpe/functioning-bot/cooperative_perception_ros2/coop_perception_ws/install/robot_perception/lib/robot_perception
[0.777s] Installing fuse_merge_robust script to /home/cmpe/functioning-bot/cooperative_perception_ros2/coop_perception_ws/install/robot_perception/lib/robot_perception
[0.777s] Installing lift_2d_to_3d script to /home/cmpe/functioning-bot/cooperative_perception_ros2/coop_perception_ws/install/robot_perception/lib/robot_perception
[0.777s] Installing lift_2d_to_3d_latest script to /home/cmpe/functioning-bot/cooperative_perception_ros2/coop_perception_ws/install/robot_perception/lib/robot_perception
[0.777s] Installing lift_2d_to_3d_sync script to /home/cmpe/functioning-bot/cooperative_perception_ros2/coop_perception_ws/install/robot_perception/lib/robot_perception
[0.777s] Installing to_map_republisher script to /home/cmpe/functioning-bot/cooperative_perception_ros2/coop_perception_ws/install/robot_perception/lib/robot_perception
[0.777s] Installing yolo2d_detector script to /home/cmpe/functioning-bot/cooperative_perception_ros2/coop_perception_ws/install/robot_perception/lib/robot_perception
[0.777s] 
[0.777s] Installed /home/cmpe/functioning-bot/cooperative_perception_ros2/coop_perception_ws/build/robot_perception
[0.777s] running symlink_data
[0.800s] Invoked command in '/home/cmpe/functioning-bot/cooperative_perception_ros2/coop_perception_ws/build/robot_perception' returned '0': CONDA_PROMPT_MODIFIER=(base) DEBUGINFOD_URLS=https://debuginfod.ubuntu.com PYTHONPATH=/home/cmpe/functioning-bot/cooperative_perception_ros2/coop_perception_ws/build/robot_perception/prefix_override:/usr/lib/python3/dist-packages/colcon_core/task/python/colcon_distutils_commands:/home/cmpe/functioning-bot/cooperative_perception_ros2/coop_perception_ws/install/robot_perception/lib/python3.12/site-packages:${PYTHONPATH} /usr/bin/python3 -W ignore:setup.py install is deprecated -W ignore:easy_install command is deprecated setup.py develop --editable --build-directory /home/cmpe/functioning-bot/cooperative_perception_ros2/coop_perception_ws/build/robot_perception/build --no-deps symlink_data
