[0.442s] Invoking command in '/home/cmpe/functioning-bot/cooperative_perception_ros2/coop_perception_ws/build/robot_perception': DEBUGINFOD_URLS=https://debuginfod.ubuntu.com PS1=(functioning_bot) \[\e]0;\u@\h: \w\a\]${debian_chroot:+($debian_chroot)}\[\033[01;32m\]\u@\h\[\033[00m\]:\[\033[01;34m\]\w\[\033[00m\]\$ PYTHONPATH=/home/cmpe/functioning-bot/cooperative_perception_ros2/coop_perception_ws/build/robot_perception/prefix_override:/usr/lib/python3/dist-packages/colcon_core/task/python/colcon_distutils_commands:/home/cmpe/functioning-bot/cooperative_perception_ros2/coop_perception_ws/install/robot_perception/lib/python3.12/site-packages:${PYTHONPATH} VIRTUAL_ENV_PROMPT=(functioning_bot) /usr/bin/python3 -W ignore:setup.py install is deprecated -W ignore:easy_install command is deprecated setup.py develop --editable --build-directory /home/cmpe/functioning-bot/cooperative_perception_ros2/coop_perception_ws/build/robot_perception/build --no-deps symlink_data
[0.619s] running develop
[0.715s] running egg_info
[0.724s] writing robot_perception.egg-info/PKG-INFO
[0.724s] writing dependency_links to robot_perception.egg-info/dependency_links.txt
[0.724s] writing entry points to robot_perception.egg-info/entry_points.txt
[0.724s] writing requirements to robot_perception.egg-info/requires.txt
[0.724s] writing top-level names to robot_perception.egg-info/top_level.txt
[0.745s] reading manifest file 'robot_perception.egg-info/SOURCES.txt'
[0.746s] writing manifest file 'robot_perception.egg-info/SOURCES.txt'
[0.756s] running build_ext
[0.756s] Creating /home/cmpe/functioning-bot/cooperative_perception_ros2/coop_perception_ws/install/robot_perception/lib/python3.12/site-packages/robot-perception.egg-link (link to .)
[0.756s] Installing dummy_detector script to /home/cmpe/functioning-bot/cooperative_perception_ros2/coop_perception_ws/install/robot_perception/lib/robot_perception
[0.757s] Installing lift_2d_to_3d script to /home/cmpe/functioning-bot/cooperative_perception_ros2/coop_perception_ws/install/robot_perception/lib/robot_perception
[0.757s] Installing lift_2d_to_3d_latest script to /home/cmpe/functioning-bot/cooperative_perception_ros2/coop_perception_ws/install/robot_perception/lib/robot_perception
[0.757s] Installing lift_2d_to_3d_sync script to /home/cmpe/functioning-bot/cooperative_perception_ros2/coop_perception_ws/install/robot_perception/lib/robot_perception
[0.757s] Installing yolo2d_detector script to /home/cmpe/functioning-bot/cooperative_perception_ros2/coop_perception_ws/install/robot_perception/lib/robot_perception
[0.757s] 
[0.757s] Installed /home/cmpe/functioning-bot/cooperative_perception_ros2/coop_perception_ws/build/robot_perception
[0.757s] running symlink_data
[0.783s] Invoked command in '/home/cmpe/functioning-bot/cooperative_perception_ros2/coop_perception_ws/build/robot_perception' returned '0': DEBUGINFOD_URLS=https://debuginfod.ubuntu.com PS1=(functioning_bot) \[\e]0;\u@\h: \w\a\]${debian_chroot:+($debian_chroot)}\[\033[01;32m\]\u@\h\[\033[00m\]:\[\033[01;34m\]\w\[\033[00m\]\$ PYTHONPATH=/home/cmpe/functioning-bot/cooperative_perception_ros2/coop_perception_ws/build/robot_perception/prefix_override:/usr/lib/python3/dist-packages/colcon_core/task/python/colcon_distutils_commands:/home/cmpe/functioning-bot/cooperative_perception_ros2/coop_perception_ws/install/robot_perception/lib/python3.12/site-packages:${PYTHONPATH} VIRTUAL_ENV_PROMPT=(functioning_bot) /usr/bin/python3 -W ignore:setup.py install is deprecated -W ignore:easy_install command is deprecated setup.py develop --editable --build-directory /home/cmpe/functioning-bot/cooperative_perception_ros2/coop_perception_ws/build/robot_perception/build --no-deps symlink_data
